# JRE version: Java(TM) SE Runtime Environment (8.0_101-b13) (build 1.8.0_101-b13)
# Java VM: Java HotSpot(TM) 64-Bit Server VM (25.101-b13 mixed mode windows-amd64 compressed oops)
Heap:
 PSYoungGen      total 67072K, used 52245K [0x0000000775600000, 0x000000077d900000, 0x00000007c0000000)
  eden space 57856K, 74% used [0x0000000775600000,0x0000000778006668,0x0000000778e80000)
  from space 9216K, 99% used [0x0000000779780000,0x000000077a07ef98,0x000000077a080000)
  to   space 9216K, 0% used [0x0000000778e80000,0x0000000778e80000,0x0000000779780000)
 ParOldGen       total 153088K, used 1699K [0x00000006e0200000, 0x00000006e9780000, 0x0000000775600000)
  object space 153088K, 1% used [0x00000006e0200000,0x00000006e03a8e98,0x00000006e9780000)
 Metaspace       used 20181K, capacity 20416K, committed 20608K, reserved 1067008K
  class space    used 2505K, capacity 2592K, committed 2688K, reserved 1048576K
GC Heap History (4 events):
Event: 1.941 GC heap before
{Heap before GC invocations=1 (full 0):
 PSYoungGen      total 67072K, used 57856K [0x0000000775600000, 0x000000077a080000, 0x00000007c0000000)
  eden space 57856K, 100% used [0x0000000775600000,0x0000000778e80000,0x0000000778e80000)
  from space 9216K, 0% used [0x0000000779780000,0x0000000779780000,0x000000077a080000)
  to   space 9216K, 0% used [0x0000000778e80000,0x0000000778e80000,0x0000000779780000)
 ParOldGen       total 153088K, used 0K [0x00000006e0200000, 0x00000006e9780000, 0x0000000775600000)
  object space 153088K, 0% used [0x00000006e0200000,0x00000006e0200000,0x00000006e9780000)
 Metaspace       used 12348K, capacity 12452K, committed 12544K, reserved 1060864K
  class space    used 1483K, capacity 1526K, committed 1536K, reserved 1048576K
Event: 1.949 GC heap after
Heap after GC invocations=1 (full 0):
 PSYoungGen      total 67072K, used 8680K [0x0000000775600000, 0x000000077a080000, 0x00000007c0000000)
  eden space 57856K, 0% used [0x0000000775600000,0x0000000775600000,0x0000000778e80000)
  from space 9216K, 94% used [0x0000000778e80000,0x00000007796fa1f0,0x0000000779780000)
  to   space 9216K, 0% used [0x0000000779780000,0x0000000779780000,0x000000077a080000)
 ParOldGen       total 153088K, used 8K [0x00000006e0200000, 0x00000006e9780000, 0x0000000775600000)
  object space 153088K, 0% used [0x00000006e0200000,0x00000006e0202000,0x00000006e9780000)
 Metaspace       used 12348K, capacity 12452K, committed 12544K, reserved 1060864K
  class space    used 1483K, capacity 1526K, committed 1536K, reserved 1048576K
}
Event: 2.482 GC heap before
{Heap before GC invocations=2 (full 0):
 PSYoungGen      total 67072K, used 66536K [0x0000000775600000, 0x000000077a080000, 0x00000007c0000000)
  eden space 57856K, 100% used [0x0000000775600000,0x0000000778e80000,0x0000000778e80000)
  from space 9216K, 94% used [0x0000000778e80000,0x00000007796fa1f0,0x0000000779780000)
  to   space 9216K, 0% used [0x0000000779780000,0x0000000779780000,0x000000077a080000)
 ParOldGen       total 153088K, used 8K [0x00000006e0200000, 0x00000006e9780000, 0x0000000775600000)
  object space 153088K, 0% used [0x00000006e0200000,0x00000006e0202000,0x00000006e9780000)
 Metaspace       used 17496K, capacity 17682K, committed 17920K, reserved 1064960K
  class space    used 2152K, capacity 2221K, committed 2304K, reserved 1048576K
Event: 2.492 GC heap after
Heap after GC invocations=2 (full 0):
 PSYoungGen      total 67072K, used 9211K [0x0000000775600000, 0x000000077d900000, 0x00000007c0000000)
  eden space 57856K, 0% used [0x0000000775600000,0x0000000775600000,0x0000000778e80000)
  from space 9216K, 99% used [0x0000000779780000,0x000000077a07ef98,0x000000077a080000)
  to   space 9216K, 0% used [0x0000000778e80000,0x0000000778e80000,0x0000000779780000)
 ParOldGen       total 153088K, used 1699K [0x00000006e0200000, 0x00000006e9780000, 0x0000000775600000)
  object space 153088K, 1% used [0x00000006e0200000,0x00000006e03a8e98,0x00000006e9780000)
 Metaspace       used 17496K, capacity 17682K, committed 17920K, reserved 1064960K
  class space    used 2152K, capacity 2221K, committed 2304K, reserved 1048576K
}

